2024-03-26T22:23:20.757+03:00  INFO 5932 --- [main] r.s.t.TeacherServiceApplication          : Starting TeacherServiceApplication using Java 18.0.1.1 with PID 5932 (C:\Users\makss\IdeaProjects\Microp\MicroserviceTest\teacher-service\target\classes started by makss in C:\Users\makss\IdeaProjects\Microp\MicroserviceTest\teacher-service)
2024-03-26T22:23:20.760+03:00  INFO 5932 --- [main] r.s.t.TeacherServiceApplication          : No active profile set, falling back to 1 default profile: "default"
2024-03-26T22:23:21.872+03:00  INFO 5932 --- [main] .s.d.r.c.RepositoryConfigurationDelegate : Bootstrapping Spring Data JPA repositories in DEFAULT mode.
2024-03-26T22:23:21.938+03:00  INFO 5932 --- [main] .s.d.r.c.RepositoryConfigurationDelegate : Finished Spring Data repository scanning in 55 ms. Found 2 JPA repository interfaces.
2024-03-26T22:23:22.497+03:00  INFO 5932 --- [main] o.s.b.w.embedded.tomcat.TomcatWebServer  : Tomcat initialized with port 8085 (http)
2024-03-26T22:23:22.511+03:00  INFO 5932 --- [main] o.apache.catalina.core.StandardService   : Starting service [Tomcat]
2024-03-26T22:23:22.511+03:00  INFO 5932 --- [main] o.apache.catalina.core.StandardEngine    : Starting Servlet engine: [Apache Tomcat/10.1.19]
2024-03-26T22:23:22.584+03:00  INFO 5932 --- [main] o.a.c.c.C.[Tomcat].[localhost].[/]       : Initializing Spring embedded WebApplicationContext
2024-03-26T22:23:22.584+03:00  INFO 5932 --- [main] w.s.c.ServletWebServerApplicationContext : Root WebApplicationContext: initialization completed in 1755 ms
2024-03-26T22:23:22.725+03:00  INFO 5932 --- [main] com.zaxxer.hikari.HikariDataSource       : HikariPool-1 - Starting...
2024-03-26T22:23:22.886+03:00  INFO 5932 --- [main] com.zaxxer.hikari.pool.HikariPool        : HikariPool-1 - Added connection org.postgresql.jdbc.PgConnection@2b736fee
2024-03-26T22:23:22.889+03:00  INFO 5932 --- [main] com.zaxxer.hikari.HikariDataSource       : HikariPool-1 - Start completed.
2024-03-26T22:23:23.064+03:00  INFO 5932 --- [main] liquibase.database                       : Set default schema name to public
2024-03-26T22:23:23.296+03:00  INFO 5932 --- [main] liquibase.lockservice                    : Successfully acquired change log lock
2024-03-26T22:23:23.308+03:00  INFO 5932 --- [main] liquibase.command                        : Dropping Database Objects in schema: postgres.public
2024-03-26T22:23:23.536+03:00  INFO 5932 --- [main] liquibase.database                       : Successfully deleted all supported object types in schema postgres.public.
2024-03-26T22:23:23.546+03:00  WARN 5932 --- [main] liquibase.lockservice                    : Failed to release change log lock
2024-03-26T22:23:23.555+03:00  INFO 5932 --- [main] liquibase.command                        : Command execution complete
2024-03-26T22:23:23.783+03:00  INFO 5932 --- [main] liquibase.changelog                      : Reading resource: db/changelog/2024/03/14-01-changelog.xml
2024-03-26T22:23:23.951+03:00  INFO 5932 --- [main] liquibase.changelog                      : Creating database history table with name: public.databasechangelog
2024-03-26T22:23:23.969+03:00  INFO 5932 --- [main] liquibase.changelog                      : Reading from public.databasechangelog
2024-03-26T22:23:24.058+03:00  INFO 5932 --- [main] liquibase.lockservice                    : Successfully acquired change log lock
2024-03-26T22:23:24.061+03:00  INFO 5932 --- [main] liquibase.command                        : Using deploymentId: 1481004061
2024-03-26T22:23:24.064+03:00  INFO 5932 --- [main] liquibase.changelog                      : Reading from public.databasechangelog
2024-03-26T22:23:24.112+03:00  INFO 5932 --- [main] liquibase.changelog                      : Table teacher created
2024-03-26T22:23:24.117+03:00 ERROR 5932 --- [main] liquibase.changelog                      : ChangeSet db/changelog/2024/03/14-01-changelog.xml::create employee table::developer encountered an exception.
2024-03-26T22:23:24.122+03:00  INFO 5932 --- [main] liquibase.command                        : Update command encountered an exception.
2024-03-26T22:23:24.130+03:00  INFO 5932 --- [main] liquibase.lockservice                    : Successfully released change log lock
2024-03-26T22:23:24.133+03:00  INFO 5932 --- [main] liquibase.command                        : Command execution complete
2024-03-26T22:23:24.137+03:00  WARN 5932 --- [main] ConfigServletWebServerApplicationContext : Exception encountered during context initialization - cancelling refresh attempt: org.springframework.beans.factory.BeanCreationException: Error creating bean with name 'liquibase' defined in class path resource [org/springframework/boot/autoconfigure/liquibase/LiquibaseAutoConfiguration$LiquibaseConfiguration.class]: liquibase.exception.LiquibaseException: liquibase.exception.MigrationFailedException: Migration failed for changeset db/changelog/2024/03/14-01-changelog.xml::create employee table::developer:
     Reason: liquibase.exception.DatabaseException: ERROR: type "varcharr" does not exist
  Позиция: 147 [Failed SQL: (0) CREATE TABLE public.school (id INTEGER GENERATED BY DEFAULT AS IDENTITY NOT NULL, school_name VARCHAR(150), location VARCHAR(150), principal_name VARCHARR(150), CONSTRAINT school_pkey PRIMARY KEY (id))]
2024-03-26T22:23:24.138+03:00  INFO 5932 --- [main] com.zaxxer.hikari.HikariDataSource       : HikariPool-1 - Shutdown initiated...
2024-03-26T22:23:24.143+03:00  INFO 5932 --- [main] com.zaxxer.hikari.HikariDataSource       : HikariPool-1 - Shutdown completed.
2024-03-26T22:23:24.153+03:00  INFO 5932 --- [main] o.apache.catalina.core.StandardService   : Stopping service [Tomcat]
2024-03-26T22:23:24.167+03:00  INFO 5932 --- [main] .s.b.a.l.ConditionEvaluationReportLogger : 

Error starting ApplicationContext. To display the condition evaluation report re-run your application with 'debug' enabled.
2024-03-26T22:23:24.188+03:00 ERROR 5932 --- [main] o.s.boot.SpringApplication               : Application run failed

org.springframework.beans.factory.BeanCreationException: Error creating bean with name 'liquibase' defined in class path resource [org/springframework/boot/autoconfigure/liquibase/LiquibaseAutoConfiguration$LiquibaseConfiguration.class]: liquibase.exception.LiquibaseException: liquibase.exception.MigrationFailedException: Migration failed for changeset db/changelog/2024/03/14-01-changelog.xml::create employee table::developer:
     Reason: liquibase.exception.DatabaseException: ERROR: type "varcharr" does not exist
  Позиция: 147 [Failed SQL: (0) CREATE TABLE public.school (id INTEGER GENERATED BY DEFAULT AS IDENTITY NOT NULL, school_name VARCHAR(150), location VARCHAR(150), principal_name VARCHARR(150), CONSTRAINT school_pkey PRIMARY KEY (id))]
	at org.springframework.beans.factory.support.AbstractAutowireCapableBeanFactory.initializeBean(AbstractAutowireCapableBeanFactory.java:1786) ~[spring-beans-6.1.4.jar:6.1.4]
	at org.springframework.beans.factory.support.AbstractAutowireCapableBeanFactory.doCreateBean(AbstractAutowireCapableBeanFactory.java:600) ~[spring-beans-6.1.4.jar:6.1.4]
	at org.springframework.beans.factory.support.AbstractAutowireCapableBeanFactory.createBean(AbstractAutowireCapableBeanFactory.java:522) ~[spring-beans-6.1.4.jar:6.1.4]
	at org.springframework.beans.factory.support.AbstractBeanFactory.lambda$doGetBean$0(AbstractBeanFactory.java:325) ~[spring-beans-6.1.4.jar:6.1.4]
	at org.springframework.beans.factory.support.DefaultSingletonBeanRegistry.getSingleton(DefaultSingletonBeanRegistry.java:234) ~[spring-beans-6.1.4.jar:6.1.4]
	at org.springframework.beans.factory.support.AbstractBeanFactory.doGetBean(AbstractBeanFactory.java:323) ~[spring-beans-6.1.4.jar:6.1.4]
	at org.springframework.beans.factory.support.AbstractBeanFactory.getBean(AbstractBeanFactory.java:199) ~[spring-beans-6.1.4.jar:6.1.4]
	at org.springframework.beans.factory.support.AbstractBeanFactory.doGetBean(AbstractBeanFactory.java:312) ~[spring-beans-6.1.4.jar:6.1.4]
	at org.springframework.beans.factory.support.AbstractBeanFactory.getBean(AbstractBeanFactory.java:199) ~[spring-beans-6.1.4.jar:6.1.4]
	at org.springframework.context.support.AbstractApplicationContext.getBean(AbstractApplicationContext.java:1231) ~[spring-context-6.1.4.jar:6.1.4]
	at org.springframework.context.support.AbstractApplicationContext.finishBeanFactoryInitialization(AbstractApplicationContext.java:949) ~[spring-context-6.1.4.jar:6.1.4]
	at org.springframework.context.support.AbstractApplicationContext.refresh(AbstractApplicationContext.java:624) ~[spring-context-6.1.4.jar:6.1.4]
	at org.springframework.boot.web.servlet.context.ServletWebServerApplicationContext.refresh(ServletWebServerApplicationContext.java:146) ~[spring-boot-3.2.3.jar:3.2.3]
	at org.springframework.boot.SpringApplication.refresh(SpringApplication.java:754) ~[spring-boot-3.2.3.jar:3.2.3]
	at org.springframework.boot.SpringApplication.refreshContext(SpringApplication.java:456) ~[spring-boot-3.2.3.jar:3.2.3]
	at org.springframework.boot.SpringApplication.run(SpringApplication.java:334) ~[spring-boot-3.2.3.jar:3.2.3]
	at org.springframework.boot.SpringApplication.run(SpringApplication.java:1354) ~[spring-boot-3.2.3.jar:3.2.3]
	at org.springframework.boot.SpringApplication.run(SpringApplication.java:1343) ~[spring-boot-3.2.3.jar:3.2.3]
	at ru.sharanov.teacherservice.TeacherServiceApplication.main(TeacherServiceApplication.java:10) ~[classes/:na]
Caused by: liquibase.exception.CommandExecutionException: liquibase.exception.LiquibaseException: liquibase.exception.MigrationFailedException: Migration failed for changeset db/changelog/2024/03/14-01-changelog.xml::create employee table::developer:
     Reason: liquibase.exception.DatabaseException: ERROR: type "varcharr" does not exist
  Позиция: 147 [Failed SQL: (0) CREATE TABLE public.school (id INTEGER GENERATED BY DEFAULT AS IDENTITY NOT NULL, school_name VARCHAR(150), location VARCHAR(150), principal_name VARCHARR(150), CONSTRAINT school_pkey PRIMARY KEY (id))]
	at liquibase.command.CommandScope.execute(CommandScope.java:237) ~[liquibase-core-4.24.0.jar:na]
	at liquibase.Liquibase.lambda$update$0(Liquibase.java:222) ~[liquibase-core-4.24.0.jar:na]
	at liquibase.Scope.lambda$child$0(Scope.java:184) ~[liquibase-core-4.24.0.jar:na]
	at liquibase.Scope.child(Scope.java:193) ~[liquibase-core-4.24.0.jar:na]
	at liquibase.Scope.child(Scope.java:183) ~[liquibase-core-4.24.0.jar:na]
	at liquibase.Scope.child(Scope.java:162) ~[liquibase-core-4.24.0.jar:na]
	at liquibase.Liquibase.runInScope(Liquibase.java:1371) ~[liquibase-core-4.24.0.jar:na]
	at liquibase.Liquibase.update(Liquibase.java:211) ~[liquibase-core-4.24.0.jar:na]
	at liquibase.Liquibase.update(Liquibase.java:193) ~[liquibase-core-4.24.0.jar:na]
	at liquibase.integration.spring.SpringLiquibase.performUpdate(SpringLiquibase.java:331) ~[liquibase-core-4.24.0.jar:na]
	at liquibase.integration.spring.SpringLiquibase.afterPropertiesSet(SpringLiquibase.java:286) ~[liquibase-core-4.24.0.jar:na]
	at org.springframework.beans.factory.support.AbstractAutowireCapableBeanFactory.invokeInitMethods(AbstractAutowireCapableBeanFactory.java:1833) ~[spring-beans-6.1.4.jar:6.1.4]
	at org.springframework.beans.factory.support.AbstractAutowireCapableBeanFactory.initializeBean(AbstractAutowireCapableBeanFactory.java:1782) ~[spring-beans-6.1.4.jar:6.1.4]
	... 18 common frames omitted
Caused by: liquibase.exception.LiquibaseException: liquibase.exception.MigrationFailedException: Migration failed for changeset db/changelog/2024/03/14-01-changelog.xml::create employee table::developer:
     Reason: liquibase.exception.DatabaseException: ERROR: type "varcharr" does not exist
  Позиция: 147 [Failed SQL: (0) CREATE TABLE public.school (id INTEGER GENERATED BY DEFAULT AS IDENTITY NOT NULL, school_name VARCHAR(150), location VARCHAR(150), principal_name VARCHARR(150), CONSTRAINT school_pkey PRIMARY KEY (id))]
	at liquibase.changelog.ChangeLogIterator.run(ChangeLogIterator.java:122) ~[liquibase-core-4.24.0.jar:na]
	at liquibase.command.core.AbstractUpdateCommandStep.lambda$doRun$1(AbstractUpdateCommandStep.java:105) ~[liquibase-core-4.24.0.jar:na]
	at liquibase.Scope.lambda$child$0(Scope.java:184) ~[liquibase-core-4.24.0.jar:na]
	at liquibase.Scope.child(Scope.java:193) ~[liquibase-core-4.24.0.jar:na]
	at liquibase.Scope.child(Scope.java:183) ~[liquibase-core-4.24.0.jar:na]
	at liquibase.Scope.child(Scope.java:162) ~[liquibase-core-4.24.0.jar:na]
	at liquibase.command.core.AbstractUpdateCommandStep.doRun(AbstractUpdateCommandStep.java:104) ~[liquibase-core-4.24.0.jar:na]
	at liquibase.command.core.AbstractUpdateCommandStep.lambda$run$0(AbstractUpdateCommandStep.java:63) ~[liquibase-core-4.24.0.jar:na]
	at liquibase.Scope.lambda$child$0(Scope.java:184) ~[liquibase-core-4.24.0.jar:na]
	at liquibase.Scope.child(Scope.java:193) ~[liquibase-core-4.24.0.jar:na]
	at liquibase.Scope.child(Scope.java:183) ~[liquibase-core-4.24.0.jar:na]
	at liquibase.Scope.child(Scope.java:162) ~[liquibase-core-4.24.0.jar:na]
	at liquibase.command.core.AbstractUpdateCommandStep.run(AbstractUpdateCommandStep.java:62) ~[liquibase-core-4.24.0.jar:na]
	at liquibase.command.core.UpdateCommandStep.run(UpdateCommandStep.java:106) ~[liquibase-core-4.24.0.jar:na]
	at liquibase.command.CommandScope.execute(CommandScope.java:214) ~[liquibase-core-4.24.0.jar:na]
	... 30 common frames omitted
Caused by: liquibase.exception.MigrationFailedException: Migration failed for changeset db/changelog/2024/03/14-01-changelog.xml::create employee table::developer:
     Reason: liquibase.exception.DatabaseException: ERROR: type "varcharr" does not exist
  Позиция: 147 [Failed SQL: (0) CREATE TABLE public.school (id INTEGER GENERATED BY DEFAULT AS IDENTITY NOT NULL, school_name VARCHAR(150), location VARCHAR(150), principal_name VARCHARR(150), CONSTRAINT school_pkey PRIMARY KEY (id))]
	at liquibase.changelog.ChangeSet.execute(ChangeSet.java:785) ~[liquibase-core-4.24.0.jar:na]
	at liquibase.changelog.visitor.UpdateVisitor.executeAcceptedChange(UpdateVisitor.java:118) ~[liquibase-core-4.24.0.jar:na]
	at liquibase.changelog.visitor.UpdateVisitor.visit(UpdateVisitor.java:68) ~[liquibase-core-4.24.0.jar:na]
	at liquibase.changelog.ChangeLogIterator$2.lambda$run$0(ChangeLogIterator.java:110) ~[liquibase-core-4.24.0.jar:na]
	at liquibase.Scope.lambda$child$0(Scope.java:184) ~[liquibase-core-4.24.0.jar:na]
	at liquibase.Scope.child(Scope.java:193) ~[liquibase-core-4.24.0.jar:na]
	at liquibase.Scope.child(Scope.java:183) ~[liquibase-core-4.24.0.jar:na]
	at liquibase.Scope.child(Scope.java:162) ~[liquibase-core-4.24.0.jar:na]
	at liquibase.Scope.child(Scope.java:250) ~[liquibase-core-4.24.0.jar:na]
	at liquibase.changelog.ChangeLogIterator$2.run(ChangeLogIterator.java:100) ~[liquibase-core-4.24.0.jar:na]
	at liquibase.Scope.lambda$child$0(Scope.java:184) ~[liquibase-core-4.24.0.jar:na]
	at liquibase.Scope.child(Scope.java:193) ~[liquibase-core-4.24.0.jar:na]
	at liquibase.Scope.child(Scope.java:183) ~[liquibase-core-4.24.0.jar:na]
	at liquibase.Scope.child(Scope.java:162) ~[liquibase-core-4.24.0.jar:na]
	at liquibase.Scope.child(Scope.java:250) ~[liquibase-core-4.24.0.jar:na]
	at liquibase.Scope.child(Scope.java:254) ~[liquibase-core-4.24.0.jar:na]
	at liquibase.changelog.ChangeLogIterator.run(ChangeLogIterator.java:74) ~[liquibase-core-4.24.0.jar:na]
	... 44 common frames omitted
Caused by: liquibase.exception.DatabaseException: ERROR: type "varcharr" does not exist
  Позиция: 147 [Failed SQL: (0) CREATE TABLE public.school (id INTEGER GENERATED BY DEFAULT AS IDENTITY NOT NULL, school_name VARCHAR(150), location VARCHAR(150), principal_name VARCHARR(150), CONSTRAINT school_pkey PRIMARY KEY (id))]
	at liquibase.executor.jvm.JdbcExecutor$ExecuteStatementCallback.doInStatement(JdbcExecutor.java:468) ~[liquibase-core-4.24.0.jar:na]
	at liquibase.executor.jvm.JdbcExecutor.execute(JdbcExecutor.java:77) ~[liquibase-core-4.24.0.jar:na]
	at liquibase.executor.jvm.JdbcExecutor.execute(JdbcExecutor.java:177) ~[liquibase-core-4.24.0.jar:na]
	at liquibase.database.AbstractJdbcDatabase.execute(AbstractJdbcDatabase.java:1291) ~[liquibase-core-4.24.0.jar:na]
	at liquibase.database.AbstractJdbcDatabase.executeStatements(AbstractJdbcDatabase.java:1273) ~[liquibase-core-4.24.0.jar:na]
	at liquibase.changelog.ChangeSet.execute(ChangeSet.java:744) ~[liquibase-core-4.24.0.jar:na]
	... 60 common frames omitted
Caused by: org.postgresql.util.PSQLException: ERROR: type "varcharr" does not exist
  Позиция: 147
	at org.postgresql.core.v3.QueryExecutorImpl.receiveErrorResponse(QueryExecutorImpl.java:2713) ~[postgresql-42.6.1.jar:42.6.1]
	at org.postgresql.core.v3.QueryExecutorImpl.processResults(QueryExecutorImpl.java:2401) ~[postgresql-42.6.1.jar:42.6.1]
	at org.postgresql.core.v3.QueryExecutorImpl.execute(QueryExecutorImpl.java:368) ~[postgresql-42.6.1.jar:42.6.1]
	at org.postgresql.jdbc.PgStatement.executeInternal(PgStatement.java:498) ~[postgresql-42.6.1.jar:42.6.1]
	at org.postgresql.jdbc.PgStatement.execute(PgStatement.java:415) ~[postgresql-42.6.1.jar:42.6.1]
	at org.postgresql.jdbc.PgStatement.executeWithFlags(PgStatement.java:335) ~[postgresql-42.6.1.jar:42.6.1]
	at org.postgresql.jdbc.PgStatement.executeCachedSql(PgStatement.java:321) ~[postgresql-42.6.1.jar:42.6.1]
	at org.postgresql.jdbc.PgStatement.executeWithFlags(PgStatement.java:297) ~[postgresql-42.6.1.jar:42.6.1]
	at org.postgresql.jdbc.PgStatement.execute(PgStatement.java:292) ~[postgresql-42.6.1.jar:42.6.1]
	at com.zaxxer.hikari.pool.ProxyStatement.execute(ProxyStatement.java:94) ~[HikariCP-5.0.1.jar:na]
	at com.zaxxer.hikari.pool.HikariProxyStatement.execute(HikariProxyStatement.java) ~[HikariCP-5.0.1.jar:na]
	at liquibase.executor.jvm.JdbcExecutor$ExecuteStatementCallback.doInStatement(JdbcExecutor.java:462) ~[liquibase-core-4.24.0.jar:na]
	... 65 common frames omitted

2024-03-26T22:24:19.191+03:00  INFO 19376 --- [main] r.s.t.TeacherServiceApplication          : Starting TeacherServiceApplication using Java 18.0.1.1 with PID 19376 (C:\Users\makss\IdeaProjects\Microp\MicroserviceTest\teacher-service\target\classes started by makss in C:\Users\makss\IdeaProjects\Microp\MicroserviceTest\teacher-service)
2024-03-26T22:24:19.195+03:00  INFO 19376 --- [main] r.s.t.TeacherServiceApplication          : No active profile set, falling back to 1 default profile: "default"
2024-03-26T22:24:20.227+03:00  INFO 19376 --- [main] .s.d.r.c.RepositoryConfigurationDelegate : Bootstrapping Spring Data JPA repositories in DEFAULT mode.
2024-03-26T22:24:20.279+03:00  INFO 19376 --- [main] .s.d.r.c.RepositoryConfigurationDelegate : Finished Spring Data repository scanning in 45 ms. Found 2 JPA repository interfaces.
2024-03-26T22:24:20.913+03:00  INFO 19376 --- [main] o.s.b.w.embedded.tomcat.TomcatWebServer  : Tomcat initialized with port 8085 (http)
2024-03-26T22:24:20.940+03:00  INFO 19376 --- [main] o.apache.catalina.core.StandardService   : Starting service [Tomcat]
2024-03-26T22:24:20.940+03:00  INFO 19376 --- [main] o.apache.catalina.core.StandardEngine    : Starting Servlet engine: [Apache Tomcat/10.1.19]
2024-03-26T22:24:21.009+03:00  INFO 19376 --- [main] o.a.c.c.C.[Tomcat].[localhost].[/]       : Initializing Spring embedded WebApplicationContext
2024-03-26T22:24:21.010+03:00  INFO 19376 --- [main] w.s.c.ServletWebServerApplicationContext : Root WebApplicationContext: initialization completed in 1754 ms
2024-03-26T22:24:21.125+03:00  INFO 19376 --- [main] com.zaxxer.hikari.HikariDataSource       : HikariPool-1 - Starting...
2024-03-26T22:24:21.240+03:00  INFO 19376 --- [main] com.zaxxer.hikari.pool.HikariPool        : HikariPool-1 - Added connection org.postgresql.jdbc.PgConnection@456f7d9e
2024-03-26T22:24:21.241+03:00  INFO 19376 --- [main] com.zaxxer.hikari.HikariDataSource       : HikariPool-1 - Start completed.
2024-03-26T22:24:21.409+03:00  INFO 19376 --- [main] liquibase.database                       : Set default schema name to public
2024-03-26T22:24:21.558+03:00  INFO 19376 --- [main] liquibase.command                        : Command execution complete
2024-03-26T22:24:21.563+03:00  WARN 19376 --- [main] ConfigServletWebServerApplicationContext : Exception encountered during context initialization - cancelling refresh attempt: org.springframework.beans.factory.BeanCreationException: Error creating bean with name 'liquibase' defined in class path resource [org/springframework/boot/autoconfigure/liquibase/LiquibaseAutoConfiguration$LiquibaseConfiguration.class]: liquibase.exception.ChangeLogParseException: classpath:/db/changelog/db.changelog-master.yaml does not exist
2024-03-26T22:24:21.564+03:00  INFO 19376 --- [main] com.zaxxer.hikari.HikariDataSource       : HikariPool-1 - Shutdown initiated...
2024-03-26T22:24:21.591+03:00  INFO 19376 --- [main] com.zaxxer.hikari.HikariDataSource       : HikariPool-1 - Shutdown completed.
2024-03-26T22:24:21.596+03:00  INFO 19376 --- [main] o.apache.catalina.core.StandardService   : Stopping service [Tomcat]
2024-03-26T22:24:21.608+03:00  INFO 19376 --- [main] .s.b.a.l.ConditionEvaluationReportLogger : 

Error starting ApplicationContext. To display the condition evaluation report re-run your application with 'debug' enabled.
2024-03-26T22:24:21.630+03:00 ERROR 19376 --- [main] o.s.b.d.LoggingFailureAnalysisReporter   : 

***************************
APPLICATION FAILED TO START
***************************

Description:

Liquibase failed to start because no changelog could be found at 'classpath:/db/changelog/db.changelog-master.yaml'.

Action:

Make sure a Liquibase changelog is present at the configured path.

